Using pre-set license
Built from '2020.3/release' branch; Version is '2020.3.7f1 (dd97f2c94397) revision 14522354'; Using compiler version '192528614'; Build Type 'Release'
OS: 'Windows 10 Pro; OS build 18363.1556; Version 1909; 64bit' Language: 'ko' Physical Memory: 16318 MB
BatchMode: 1, IsHumanControllingUs: 0, StartBugReporterOnCrash: 0, Is64bit: 1, IsPro: 0

 COMMAND LINE ARGUMENTS:
C:\Program Files\Unity\Hub\Editor\2020.3.7f1\Editor\Unity.exe
-adb2
-batchMode
-noUpm
-name
AssetImportWorker0
-projectPath
C:/Users/acas1/Desktop/zol_zak/DiceWorld
-logFile
Logs/AssetImportWorker0.log
-srvPort
60664
Successfully changed project path to: C:/Users/acas1/Desktop/zol_zak/DiceWorld
C:/Users/acas1/Desktop/zol_zak/DiceWorld
Using Asset Import Pipeline V2.
Refreshing native plugins compatible for Editor in 27.54 ms, found 0 plugins.
Preloading 0 native plugins for Editor in 0.00 ms.
Initialize engine version: 2020.3.7f1 (dd97f2c94397)
[Subsystems] Discovering subsystems at path C:/Program Files/Unity/Hub/Editor/2020.3.7f1/Editor/Data/Resources/UnitySubsystems
[Subsystems] Discovering subsystems at path C:/Users/acas1/Desktop/zol_zak/DiceWorld/Assets
GfxDevice: creating device client; threaded=0
Direct3D:
    Version:  Direct3D 11.0 [level 11.1]
    Renderer: NVIDIA GeForce GTX 1660 SUPER (ID=0x21c4)
    Vendor:   
    VRAM:     5991 MB
    Driver:   27.21.14.5671
Initialize mono
Mono path[0] = 'C:/Program Files/Unity/Hub/Editor/2020.3.7f1/Editor/Data/Managed'
Mono path[1] = 'C:/Program Files/Unity/Hub/Editor/2020.3.7f1/Editor/Data/MonoBleedingEdge/lib/mono/unityjit'
Mono config path = 'C:/Program Files/Unity/Hub/Editor/2020.3.7f1/Editor/Data/MonoBleedingEdge/etc'
Using monoOptions --debugger-agent=transport=dt_socket,embedding=1,server=y,suspend=n,address=127.0.0.1:56212
Begin MonoManager ReloadAssembly
Registering precompiled unity dll's ...
Register platform support module: C:/Program Files/Unity/Hub/Editor/2020.3.7f1/Editor/Data/PlaybackEngines/WindowsStandaloneSupport/UnityEditor.WindowsStandalone.Extensions.dll
Registered in 0.003476 seconds.
Native extension for WindowsStandalone target not found
Refreshing native plugins compatible for Editor in 29.39 ms, found 0 plugins.
Preloading 0 native plugins for Editor in 0.00 ms.
Mono: successfully reloaded assembly
- Completed reload, in  1.375 seconds
Platform modules already initialized, skipping
Registering precompiled user dll's ...
Registered in 0.001587 seconds.
Begin MonoManager ReloadAssembly
Native extension for WindowsStandalone target not found
Refreshing native plugins compatible for Editor in 0.24 ms, found 0 plugins.
Preloading 0 native plugins for Editor in 0.00 ms.
Mono: successfully reloaded assembly
- Completed reload, in  0.994 seconds
Platform modules already initialized, skipping
========================================================================
Worker process is ready to serve import requests
Launched and connected shader compiler UnityShaderCompiler.exe after 0.07 seconds
Refreshing native plugins compatible for Editor in 0.35 ms, found 0 plugins.
Preloading 0 native plugins for Editor in 0.00 ms.
Unloading 1133 Unused Serialized files (Serialized files now loaded: 0)
System memory in use before: 132.1 MB.
System memory in use after: 132.1 MB.

Unloading 11 unused Assets to reduce memory usage. Loaded Objects now: 1579.
Total: 3.182000 ms (FindLiveObjects: 0.287800 ms CreateObjectMapping: 0.096300 ms MarkObjects: 2.683500 ms  DeleteObjects: 0.112700 ms)

========================================================================
Received Import Request.
  path: Assets/Script/DiceGenerator.cs
  artifactKey: Guid(4bd3fbc2bc9578f49bdbb293cb0cd607) Importer(815301076,1909f56bfc062723c751e8b465ee728b)
Start importing Assets/Script/DiceGenerator.cs using Guid(4bd3fbc2bc9578f49bdbb293cb0cd607) Importer(815301076,1909f56bfc062723c751e8b465ee728b)  -> (artifact id: 'cfb13c6e93d96af3caf9da8599bdd4bb') in 0.069456 seconds
  Import took 0.073370 seconds .

========================================================================
Received Import Request.
  Time since last request: 93.369790 seconds.
  path: Assets/Script/StageControl.cs
  artifactKey: Guid(50b0686842cfc224b937b5ccaf89849b) Importer(815301076,1909f56bfc062723c751e8b465ee728b)
Start importing Assets/Script/StageControl.cs using Guid(50b0686842cfc224b937b5ccaf89849b) Importer(815301076,1909f56bfc062723c751e8b465ee728b)  -> (artifact id: 'edcdcd8155cfd657fac682a9792f7eb2') in 0.010265 seconds
  Import took 0.013984 seconds .

========================================================================
Received Import Request.
  Time since last request: 2.055553 seconds.
  path: Assets/Script/MapEditor/TileManager.cs
  artifactKey: Guid(b7db00748e9878a4c9b650fdeebae0f2) Importer(815301076,1909f56bfc062723c751e8b465ee728b)
Start importing Assets/Script/MapEditor/TileManager.cs using Guid(b7db00748e9878a4c9b650fdeebae0f2) Importer(815301076,1909f56bfc062723c751e8b465ee728b)  -> (artifact id: '9923d9b7215fcde6af3374a318752872') in 0.016357 seconds
  Import took 0.019862 seconds .

========================================================================
Received Prepare
Registering precompiled user dll's ...
Registered in 0.002259 seconds.
Begin MonoManager ReloadAssembly
Native extension for WindowsStandalone target not found
Refreshing native plugins compatible for Editor in 0.22 ms, found 0 plugins.
Preloading 0 native plugins for Editor in 0.00 ms.
Mono: successfully reloaded assembly
- Completed reload, in  0.956 seconds
Platform modules already initialized, skipping
Refreshing native plugins compatible for Editor in 0.31 ms, found 0 plugins.
Preloading 0 native plugins for Editor in 0.00 ms.
Unloading 1128 Unused Serialized files (Serialized files now loaded: 0)
System memory in use before: 132.0 MB.
System memory in use after: 132.1 MB.

Unloading 6 unused Assets to reduce memory usage. Loaded Objects now: 1582.
Total: 1.546100 ms (FindLiveObjects: 0.123300 ms CreateObjectMapping: 0.037000 ms MarkObjects: 1.336100 ms  DeleteObjects: 0.048200 ms)

========================================================================
Received Prepare
Registering precompiled user dll's ...
Registered in 0.002714 seconds.
Begin MonoManager ReloadAssembly
Native extension for WindowsStandalone target not found
Refreshing native plugins compatible for Editor in 0.33 ms, found 0 plugins.
Preloading 0 native plugins for Editor in 0.00 ms.
Mono: successfully reloaded assembly
- Completed reload, in  0.938 seconds
Platform modules already initialized, skipping
Refreshing native plugins compatible for Editor in 0.33 ms, found 0 plugins.
Preloading 0 native plugins for Editor in 0.00 ms.
Unloading 1128 Unused Serialized files (Serialized files now loaded: 0)
System memory in use before: 132.0 MB.
System memory in use after: 132.1 MB.

Unloading 6 unused Assets to reduce memory usage. Loaded Objects now: 1585.
Total: 1.842800 ms (FindLiveObjects: 0.143400 ms CreateObjectMapping: 0.038100 ms MarkObjects: 1.580900 ms  DeleteObjects: 0.079000 ms)

========================================================================
Received Import Request.
  Time since last request: 326.737584 seconds.
  path: Assets/Script/MapEditor/TileColor.cs
  artifactKey: Guid(05ffa5f1cb5be35469420d6c2afb91b4) Importer(815301076,1909f56bfc062723c751e8b465ee728b)
Start importing Assets/Script/MapEditor/TileColor.cs using Guid(05ffa5f1cb5be35469420d6c2afb91b4) Importer(815301076,1909f56bfc062723c751e8b465ee728b)  -> (artifact id: '6e95d6ae85c4fe506b879cbaf75afd04') in 0.011533 seconds
  Import took 0.015400 seconds .

========================================================================
Received Import Request.
  Time since last request: 0.000336 seconds.
  path: Assets/Script/MapEditor/TileColorChange.cs
  artifactKey: Guid(e732ea01ab2d2894c959acf6fc897753) Importer(815301076,1909f56bfc062723c751e8b465ee728b)
Start importing Assets/Script/MapEditor/TileColorChange.cs using Guid(e732ea01ab2d2894c959acf6fc897753) Importer(815301076,1909f56bfc062723c751e8b465ee728b)  -> (artifact id: '7043eb08083f5796ff49442fb71ce0c1') in 0.009693 seconds
  Import took 0.012123 seconds .

========================================================================
Received Import Request.
  Time since last request: 0.000372 seconds.
  path: Assets/Script/MapEditor/EditControlManager.cs
  artifactKey: Guid(3b2bb90aa568534419c12a6c6b1d2248) Importer(815301076,1909f56bfc062723c751e8b465ee728b)
Start importing Assets/Script/MapEditor/EditControlManager.cs using Guid(3b2bb90aa568534419c12a6c6b1d2248) Importer(815301076,1909f56bfc062723c751e8b465ee728b)  -> (artifact id: '819dfe3d515fba7e2c411c2f18db54a7') in 0.010657 seconds
  Import took 0.014231 seconds .

========================================================================
Received Import Request.
  Time since last request: 3.458496 seconds.
  path: Assets/Script/MovingDice/QuadManager.cs
  artifactKey: Guid(29ed9d23d4985f94aa4b7a91990cc9c7) Importer(815301076,1909f56bfc062723c751e8b465ee728b)
Start importing Assets/Script/MovingDice/QuadManager.cs using Guid(29ed9d23d4985f94aa4b7a91990cc9c7) Importer(815301076,1909f56bfc062723c751e8b465ee728b)  -> (artifact id: '6a5ce812fdc384bfb6045cea6e788506') in 0.008815 seconds
  Import took 0.018028 seconds .

========================================================================
Received Import Request.
  Time since last request: 19.602197 seconds.
  path: Assets/Script/MovingDice/MoveDice.cs
  artifactKey: Guid(bfdf350d19e0b9d4d999769c86728ece) Importer(815301076,1909f56bfc062723c751e8b465ee728b)
Start importing Assets/Script/MovingDice/MoveDice.cs using Guid(bfdf350d19e0b9d4d999769c86728ece) Importer(815301076,1909f56bfc062723c751e8b465ee728b)  -> (artifact id: '1e95058abefeaba6f6324852283b4e4c') in 0.016980 seconds
  Import took 0.020634 seconds .

========================================================================
Received Import Request.
  Time since last request: 0.001879 seconds.
  path: Assets/Script/MovingDice/MoveDice.cs
  artifactKey: Guid(bfdf350d19e0b9d4d999769c86728ece) Importer(815301076,1909f56bfc062723c751e8b465ee728b)
Start importing Assets/Script/MovingDice/MoveDice.cs using Guid(bfdf350d19e0b9d4d999769c86728ece) Importer(815301076,1909f56bfc062723c751e8b465ee728b)  -> (artifact id: '1e95058abefeaba6f6324852283b4e4c') in 0.004701 seconds
  Import took 0.008927 seconds .

========================================================================
Received Prepare
Registering precompiled user dll's ...
Registered in 0.003047 seconds.
Begin MonoManager ReloadAssembly
Native extension for WindowsStandalone target not found
Refreshing native plugins compatible for Editor in 0.21 ms, found 0 plugins.
Preloading 0 native plugins for Editor in 0.00 ms.
Mono: successfully reloaded assembly
- Completed reload, in  0.941 seconds
Platform modules already initialized, skipping
Refreshing native plugins compatible for Editor in 0.22 ms, found 0 plugins.
Preloading 0 native plugins for Editor in 0.00 ms.
Unloading 1128 Unused Serialized files (Serialized files now loaded: 0)
System memory in use before: 132.1 MB.
System memory in use after: 132.1 MB.

Unloading 6 unused Assets to reduce memory usage. Loaded Objects now: 1588.
Total: 1.939500 ms (FindLiveObjects: 0.134700 ms CreateObjectMapping: 0.036300 ms MarkObjects: 1.661000 ms  DeleteObjects: 0.106400 ms)

========================================================================
Received Prepare
Registering precompiled user dll's ...
Registered in 0.002423 seconds.
Begin MonoManager ReloadAssembly
Native extension for WindowsStandalone target not found
Refreshing native plugins compatible for Editor in 0.26 ms, found 0 plugins.
Preloading 0 native plugins for Editor in 0.00 ms.
Mono: successfully reloaded assembly
- Completed reload, in  1.059 seconds
Platform modules already initialized, skipping
Refreshing native plugins compatible for Editor in 0.21 ms, found 0 plugins.
Preloading 0 native plugins for Editor in 0.00 ms.
Unloading 1128 Unused Serialized files (Serialized files now loaded: 0)
System memory in use before: 132.1 MB.
System memory in use after: 132.1 MB.

Unloading 6 unused Assets to reduce memory usage. Loaded Objects now: 1591.
Total: 2.201900 ms (FindLiveObjects: 0.127400 ms CreateObjectMapping: 0.033800 ms MarkObjects: 1.951500 ms  DeleteObjects: 0.088100 ms)

========================================================================
Received Prepare
Registering precompiled user dll's ...
Registered in 0.002615 seconds.
Begin MonoManager ReloadAssembly
Native extension for WindowsStandalone target not found
Refreshing native plugins compatible for Editor in 0.26 ms, found 0 plugins.
Preloading 0 native plugins for Editor in 0.00 ms.
Mono: successfully reloaded assembly
- Completed reload, in  1.193 seconds
Platform modules already initialized, skipping
Refreshing native plugins compatible for Editor in 0.23 ms, found 0 plugins.
Preloading 0 native plugins for Editor in 0.00 ms.
Unloading 1128 Unused Serialized files (Serialized files now loaded: 0)
System memory in use before: 132.1 MB.
System memory in use after: 132.1 MB.

Unloading 6 unused Assets to reduce memory usage. Loaded Objects now: 1594.
Total: 2.201700 ms (FindLiveObjects: 0.143300 ms CreateObjectMapping: 0.040800 ms MarkObjects: 1.933800 ms  DeleteObjects: 0.082000 ms)

========================================================================
Received Prepare
Registering precompiled user dll's ...
Registered in 0.002618 seconds.
Begin MonoManager ReloadAssembly
Native extension for WindowsStandalone target not found
Refreshing native plugins compatible for Editor in 0.34 ms, found 0 plugins.
Preloading 0 native plugins for Editor in 0.00 ms.
Mono: successfully reloaded assembly
- Completed reload, in  1.185 seconds
Platform modules already initialized, skipping
Refreshing native plugins compatible for Editor in 0.21 ms, found 0 plugins.
Preloading 0 native plugins for Editor in 0.00 ms.
Unloading 1128 Unused Serialized files (Serialized files now loaded: 0)
System memory in use before: 132.1 MB.
System memory in use after: 132.1 MB.

Unloading 6 unused Assets to reduce memory usage. Loaded Objects now: 1597.
Total: 1.996700 ms (FindLiveObjects: 0.212500 ms CreateObjectMapping: 0.066400 ms MarkObjects: 1.652300 ms  DeleteObjects: 0.063900 ms)

========================================================================
Received Prepare
Registering precompiled user dll's ...
Registered in 0.002244 seconds.
Begin MonoManager ReloadAssembly
Native extension for WindowsStandalone target not found
Refreshing native plugins compatible for Editor in 0.31 ms, found 0 plugins.
Preloading 0 native plugins for Editor in 0.00 ms.
Mono: successfully reloaded assembly
- Completed reload, in  0.931 seconds
Platform modules already initialized, skipping
Refreshing native plugins compatible for Editor in 0.38 ms, found 0 plugins.
Preloading 0 native plugins for Editor in 0.00 ms.
Unloading 1128 Unused Serialized files (Serialized files now loaded: 0)
System memory in use before: 132.1 MB.
System memory in use after: 132.2 MB.

Unloading 6 unused Assets to reduce memory usage. Loaded Objects now: 1600.
Total: 1.953400 ms (FindLiveObjects: 0.138900 ms CreateObjectMapping: 0.035100 ms MarkObjects: 1.667500 ms  DeleteObjects: 0.110700 ms)

========================================================================
Received Prepare
Registering precompiled user dll's ...
Registered in 0.001743 seconds.
Begin MonoManager ReloadAssembly
Native extension for WindowsStandalone target not found
Refreshing native plugins compatible for Editor in 0.26 ms, found 0 plugins.
Preloading 0 native plugins for Editor in 0.00 ms.
Mono: successfully reloaded assembly
- Completed reload, in  1.013 seconds
Platform modules already initialized, skipping
Refreshing native plugins compatible for Editor in 0.35 ms, found 0 plugins.
Preloading 0 native plugins for Editor in 0.00 ms.
Unloading 1128 Unused Serialized files (Serialized files now loaded: 0)
System memory in use before: 132.1 MB.
System memory in use after: 132.2 MB.

Unloading 6 unused Assets to reduce memory usage. Loaded Objects now: 1603.
Total: 2.855900 ms (FindLiveObjects: 0.372000 ms CreateObjectMapping: 0.157100 ms MarkObjects: 2.216700 ms  DeleteObjects: 0.108100 ms)

========================================================================
Received Prepare
Registering precompiled user dll's ...
Registered in 0.002827 seconds.
Begin MonoManager ReloadAssembly
Native extension for WindowsStandalone target not found
Refreshing native plugins compatible for Editor in 0.46 ms, found 0 plugins.
Preloading 0 native plugins for Editor in 0.00 ms.
Mono: successfully reloaded assembly
- Completed reload, in  1.216 seconds
Platform modules already initialized, skipping
Refreshing native plugins compatible for Editor in 0.40 ms, found 0 plugins.
Preloading 0 native plugins for Editor in 0.00 ms.
Unloading 1128 Unused Serialized files (Serialized files now loaded: 0)
System memory in use before: 132.1 MB.
System memory in use after: 132.2 MB.

Unloading 6 unused Assets to reduce memory usage. Loaded Objects now: 1606.
Total: 1.921500 ms (FindLiveObjects: 0.140200 ms CreateObjectMapping: 0.045800 ms MarkObjects: 1.668500 ms  DeleteObjects: 0.065000 ms)

========================================================================
Received Prepare
Registering precompiled user dll's ...
Registered in 0.002012 seconds.
Begin MonoManager ReloadAssembly
Native extension for WindowsStandalone target not found
Refreshing native plugins compatible for Editor in 0.24 ms, found 0 plugins.
Preloading 0 native plugins for Editor in 0.00 ms.
Mono: successfully reloaded assembly
- Completed reload, in  1.061 seconds
Platform modules already initialized, skipping
Refreshing native plugins compatible for Editor in 0.37 ms, found 0 plugins.
Preloading 0 native plugins for Editor in 0.00 ms.
Unloading 1128 Unused Serialized files (Serialized files now loaded: 0)
System memory in use before: 132.1 MB.
System memory in use after: 132.2 MB.

Unloading 6 unused Assets to reduce memory usage. Loaded Objects now: 1609.
Total: 2.232900 ms (FindLiveObjects: 0.210000 ms CreateObjectMapping: 0.068500 ms MarkObjects: 1.897100 ms  DeleteObjects: 0.053400 ms)

========================================================================
Received Prepare
Registering precompiled user dll's ...
Registered in 0.002203 seconds.
Begin MonoManager ReloadAssembly
Native extension for WindowsStandalone target not found
Refreshing native plugins compatible for Editor in 0.22 ms, found 0 plugins.
Preloading 0 native plugins for Editor in 0.00 ms.
Mono: successfully reloaded assembly
- Completed reload, in  0.942 seconds
Platform modules already initialized, skipping
Refreshing native plugins compatible for Editor in 0.30 ms, found 0 plugins.
Preloading 0 native plugins for Editor in 0.00 ms.
Unloading 1128 Unused Serialized files (Serialized files now loaded: 0)
System memory in use before: 132.1 MB.
System memory in use after: 132.2 MB.

Unloading 6 unused Assets to reduce memory usage. Loaded Objects now: 1612.
Total: 3.025400 ms (FindLiveObjects: 0.233900 ms CreateObjectMapping: 0.062100 ms MarkObjects: 2.633200 ms  DeleteObjects: 0.094300 ms)

========================================================================
Received Prepare
Registering precompiled user dll's ...
Registered in 0.002478 seconds.
Begin MonoManager ReloadAssembly
Native extension for WindowsStandalone target not found
Refreshing native plugins compatible for Editor in 0.30 ms, found 0 plugins.
Preloading 0 native plugins for Editor in 0.00 ms.
Mono: successfully reloaded assembly
- Completed reload, in  1.033 seconds
Platform modules already initialized, skipping
Refreshing native plugins compatible for Editor in 0.24 ms, found 0 plugins.
Preloading 0 native plugins for Editor in 0.00 ms.
Unloading 1128 Unused Serialized files (Serialized files now loaded: 0)
System memory in use before: 132.1 MB.
System memory in use after: 132.2 MB.

Unloading 6 unused Assets to reduce memory usage. Loaded Objects now: 1615.
Total: 1.759700 ms (FindLiveObjects: 0.149000 ms CreateObjectMapping: 0.033200 ms MarkObjects: 1.525300 ms  DeleteObjects: 0.050600 ms)

========================================================================
Received Prepare
Registering precompiled user dll's ...
Registered in 0.002093 seconds.
Begin MonoManager ReloadAssembly
Native extension for WindowsStandalone target not found
Refreshing native plugins compatible for Editor in 0.53 ms, found 0 plugins.
Preloading 0 native plugins for Editor in 0.00 ms.
Mono: successfully reloaded assembly
- Completed reload, in  1.209 seconds
Platform modules already initialized, skipping
Refreshing native plugins compatible for Editor in 0.27 ms, found 0 plugins.
Preloading 0 native plugins for Editor in 0.00 ms.
Unloading 1128 Unused Serialized files (Serialized files now loaded: 0)
System memory in use before: 132.1 MB.
System memory in use after: 132.2 MB.

Unloading 6 unused Assets to reduce memory usage. Loaded Objects now: 1618.
Total: 1.983600 ms (FindLiveObjects: 0.195400 ms CreateObjectMapping: 0.114400 ms MarkObjects: 1.620700 ms  DeleteObjects: 0.051800 ms)

AssetImportWorkerClient::OnTransportError - code=2 error=End of file
